{"C:\\Users\\USER\\Desktop\\CHAT-API\\src\\app.js": {"path":"C:\\Users\\USER\\Desktop\\CHAT-API\\src\\app.js","statementMap":{"0":{"start":{"line":2,"column":13},"end":{"line":2,"column":33}},"1":{"start":{"line":3,"column":16},"end":{"line":3,"column":34}},"2":{"start":{"line":4,"column":15},"end":{"line":4,"column":32}},"3":{"start":{"line":5,"column":13},"end":{"line":5,"column":28}},"4":{"start":{"line":6,"column":20},"end":{"line":6,"column":52}},"5":{"start":{"line":7,"column":20},"end":{"line":7,"column":52}},"6":{"start":{"line":9,"column":12},"end":{"line":9,"column":21}},"7":{"start":{"line":11,"column":0},"end":{"line":11,"column":16}},"8":{"start":{"line":12,"column":0},"end":{"line":12,"column":24}},"9":{"start":{"line":13,"column":0},"end":{"line":13,"column":24}},"10":{"start":{"line":15,"column":0},"end":{"line":15,"column":69}},"11":{"start":{"line":17,"column":0},"end":{"line":19,"column":3}},"12":{"start":{"line":18,"column":2},"end":{"line":18,"column":17}},"13":{"start":{"line":21,"column":0},"end":{"line":21,"column":17}},"14":{"start":{"line":22,"column":0},"end":{"line":22,"column":17}},"15":{"start":{"line":26,"column":0},"end":{"line":26,"column":21}}},"fnMap":{"0":{"name":"(anonymous_0)","decl":{"start":{"line":17,"column":13},"end":{"line":17,"column":14}},"loc":{"start":{"line":17,"column":27},"end":{"line":19,"column":1}},"line":17}},"branchMap":{},"s":{"0":1,"1":1,"2":1,"3":1,"4":1,"5":1,"6":1,"7":1,"8":1,"9":1,"10":1,"11":1,"12":0,"13":1,"14":1,"15":1},"f":{"0":0},"b":{},"_coverageSchema":"1a1c01bbd47fc00a2c39e90264f33305004495a9","hash":"ec63569105f97ac36b6fda79840655ed820fe02d"}
,"C:\\Users\\USER\\Desktop\\CHAT-API\\src\\server.js": {"path":"C:\\Users\\USER\\Desktop\\CHAT-API\\src\\server.js","statementMap":{"0":{"start":{"line":1,"column":12},"end":{"line":1,"column":28}},"1":{"start":{"line":3,"column":0},"end":{"line":3,"column":27}},"2":{"start":{"line":5,"column":13},"end":{"line":5,"column":37}},"3":{"start":{"line":7,"column":15},"end":{"line":9,"column":2}},"4":{"start":{"line":8,"column":2},"end":{"line":8,"column":58}},"5":{"start":{"line":11,"column":0},"end":{"line":11,"column":24}}},"fnMap":{"0":{"name":"(anonymous_0)","decl":{"start":{"line":7,"column":32},"end":{"line":7,"column":33}},"loc":{"start":{"line":7,"column":38},"end":{"line":9,"column":1}},"line":7}},"branchMap":{"0":{"loc":{"start":{"line":5,"column":13},"end":{"line":5,"column":37}},"type":"binary-expr","locations":[{"start":{"line":5,"column":13},"end":{"line":5,"column":29}},{"start":{"line":5,"column":33},"end":{"line":5,"column":37}}],"line":5}},"s":{"0":1,"1":1,"2":1,"3":1,"4":1,"5":1},"f":{"0":1},"b":{"0":[1,1]},"_coverageSchema":"1a1c01bbd47fc00a2c39e90264f33305004495a9","hash":"c0250b5bca5311aaaf9b3f401396ade870c127dc"}
,"C:\\Users\\USER\\Desktop\\CHAT-API\\src\\sum.js": {"path":"C:\\Users\\USER\\Desktop\\CHAT-API\\src\\sum.js","statementMap":{"0":{"start":{"line":5,"column":2},"end":{"line":7,"column":3}},"1":{"start":{"line":6,"column":4},"end":{"line":6,"column":15}},"2":{"start":{"line":10,"column":2},"end":{"line":12,"column":3}},"3":{"start":{"line":11,"column":4},"end":{"line":11,"column":21}},"4":{"start":{"line":15,"column":2},"end":{"line":15,"column":15}},"5":{"start":{"line":18,"column":0},"end":{"line":18,"column":21}}},"fnMap":{"0":{"name":"sum","decl":{"start":{"line":3,"column":9},"end":{"line":3,"column":12}},"loc":{"start":{"line":3,"column":19},"end":{"line":16,"column":1}},"line":3}},"branchMap":{"0":{"loc":{"start":{"line":5,"column":2},"end":{"line":7,"column":3}},"type":"if","locations":[{"start":{"line":5,"column":2},"end":{"line":7,"column":3}},{"start":{},"end":{}}],"line":5},"1":{"loc":{"start":{"line":5,"column":6},"end":{"line":5,"column":14}},"type":"binary-expr","locations":[{"start":{"line":5,"column":6},"end":{"line":5,"column":8}},{"start":{"line":5,"column":12},"end":{"line":5,"column":14}}],"line":5},"2":{"loc":{"start":{"line":10,"column":2},"end":{"line":12,"column":3}},"type":"if","locations":[{"start":{"line":10,"column":2},"end":{"line":12,"column":3}},{"start":{},"end":{}}],"line":10},"3":{"loc":{"start":{"line":10,"column":6},"end":{"line":10,"column":52}},"type":"binary-expr","locations":[{"start":{"line":10,"column":6},"end":{"line":10,"column":27}},{"start":{"line":10,"column":31},"end":{"line":10,"column":52}}],"line":10}},"s":{"0":3,"1":1,"2":2,"3":1,"4":1,"5":1},"f":{"0":3},"b":{"0":[1,2],"1":[3,2],"2":[1,1],"3":[2,1]},"_coverageSchema":"1a1c01bbd47fc00a2c39e90264f33305004495a9","hash":"d396c8abf24f7dd6acce39c04768a2a01b3e707a"}
,"C:\\Users\\USER\\Desktop\\CHAT-API\\src\\config\\config.js": {"path":"C:\\Users\\USER\\Desktop\\CHAT-API\\src\\config\\config.js","statementMap":{"0":{"start":{"line":1,"column":0},"end":{"line":1,"column":27}},"1":{"start":{"line":3,"column":0},"end":{"line":30,"column":2}}},"fnMap":{},"branchMap":{},"s":{"0":1,"1":1},"f":{},"b":{},"_coverageSchema":"1a1c01bbd47fc00a2c39e90264f33305004495a9","hash":"ccb83f9efebaff2de4fc99ac1d6cbbd236658f9e"}
,"C:\\Users\\USER\\Desktop\\CHAT-API\\src\\helpers\\getImages.js": {"path":"C:\\Users\\USER\\Desktop\\CHAT-API\\src\\helpers\\getImages.js","statementMap":{"0":{"start":{"line":1,"column":11},"end":{"line":1,"column":38}},"1":{"start":{"line":2,"column":13},"end":{"line":2,"column":33}},"2":{"start":{"line":6,"column":18},"end":{"line":6,"column":68}},"3":{"start":{"line":9,"column":21},"end":{"line":9,"column":56}},"4":{"start":{"line":11,"column":17},"end":{"line":11,"column":45}},"5":{"start":{"line":12,"column":19},"end":{"line":12,"column":78}},"6":{"start":{"line":12,"column":42},"end":{"line":12,"column":77}},"7":{"start":{"line":13,"column":2},"end":{"line":17,"column":6}},"8":{"start":{"line":13,"column":32},"end":{"line":17,"column":3}},"9":{"start":{"line":20,"column":0},"end":{"line":20,"column":27}}},"fnMap":{"0":{"name":"getImages","decl":{"start":{"line":4,"column":15},"end":{"line":4,"column":24}},"loc":{"start":{"line":4,"column":34},"end":{"line":18,"column":1}},"line":4},"1":{"name":"(anonymous_1)","decl":{"start":{"line":12,"column":33},"end":{"line":12,"column":34}},"loc":{"start":{"line":12,"column":42},"end":{"line":12,"column":77}},"line":12},"2":{"name":"(anonymous_2)","decl":{"start":{"line":13,"column":22},"end":{"line":13,"column":23}},"loc":{"start":{"line":13,"column":32},"end":{"line":17,"column":3}},"line":13}},"branchMap":{},"s":{"0":1,"1":1,"2":2,"3":2,"4":2,"5":2,"6":14,"7":2,"8":14,"9":1},"f":{"0":2,"1":14,"2":14},"b":{},"_coverageSchema":"1a1c01bbd47fc00a2c39e90264f33305004495a9","hash":"a1721d79d41ea12da024af65c9e7f8a412304d17"}
,"C:\\Users\\USER\\Desktop\\CHAT-API\\src\\helpers\\mailer.js": {"path":"C:\\Users\\USER\\Desktop\\CHAT-API\\src\\helpers\\mailer.js","statementMap":{"0":{"start":{"line":1,"column":19},"end":{"line":1,"column":40}},"1":{"start":{"line":2,"column":0},"end":{"line":2,"column":27}},"2":{"start":{"line":4,"column":20},"end":{"line":12,"column":2}},"3":{"start":{"line":14,"column":0},"end":{"line":14,"column":29}}},"fnMap":{},"branchMap":{},"s":{"0":1,"1":1,"2":1,"3":1},"f":{},"b":{},"_coverageSchema":"1a1c01bbd47fc00a2c39e90264f33305004495a9","hash":"64bafee45ad1693a1096c9a3917b4c21acc4f52b"}
,"C:\\Users\\USER\\Desktop\\CHAT-API\\src\\helpers\\sendMail.js": {"path":"C:\\Users\\USER\\Desktop\\CHAT-API\\src\\helpers\\sendMail.js","statementMap":{"0":{"start":{"line":1,"column":20},"end":{"line":1,"column":39}},"1":{"start":{"line":2,"column":12},"end":{"line":2,"column":35}},"2":{"start":{"line":3,"column":13},"end":{"line":3,"column":28}},"3":{"start":{"line":4,"column":12},"end":{"line":4,"column":26}},"4":{"start":{"line":5,"column":18},"end":{"line":5,"column":40}},"5":{"start":{"line":6,"column":0},"end":{"line":6,"column":27}},"6":{"start":{"line":8,"column":17},"end":{"line":16,"column":1}},"7":{"start":{"line":9,"column":2},"end":{"line":15,"column":5}},"8":{"start":{"line":18,"column":20},"end":{"line":25,"column":1}},"9":{"start":{"line":19,"column":24},"end":{"line":22,"column":3}},"10":{"start":{"line":23,"column":19},"end":{"line":23,"column":67}},"11":{"start":{"line":24,"column":2},"end":{"line":24,"column":18}},"12":{"start":{"line":27,"column":25},"end":{"line":86,"column":1}},"13":{"start":{"line":29,"column":16},"end":{"line":32,"column":4}},"14":{"start":{"line":34,"column":19},"end":{"line":38,"column":4}},"15":{"start":{"line":42,"column":22},"end":{"line":42,"column":62}},"16":{"start":{"line":85,"column":2},"end":{"line":85,"column":71}},"17":{"start":{"line":88,"column":0},"end":{"line":88,"column":34}}},"fnMap":{"0":{"name":"(anonymous_0)","decl":{"start":{"line":8,"column":17},"end":{"line":8,"column":18}},"loc":{"start":{"line":8,"column":60},"end":{"line":16,"column":1}},"line":8},"1":{"name":"(anonymous_1)","decl":{"start":{"line":18,"column":20},"end":{"line":18,"column":21}},"loc":{"start":{"line":18,"column":57},"end":{"line":25,"column":1}},"line":18},"2":{"name":"(anonymous_2)","decl":{"start":{"line":27,"column":25},"end":{"line":27,"column":26}},"loc":{"start":{"line":27,"column":48},"end":{"line":86,"column":1}},"line":27}},"branchMap":{},"s":{"0":1,"1":1,"2":1,"3":1,"4":1,"5":1,"6":1,"7":2,"8":1,"9":2,"10":2,"11":2,"12":1,"13":2,"14":2,"15":2,"16":2,"17":1},"f":{"0":2,"1":2,"2":2},"b":{},"_coverageSchema":"1a1c01bbd47fc00a2c39e90264f33305004495a9","hash":"f915009291518b76897d2c6ed3cdf3ed55d484dd"}
,"C:\\Users\\USER\\Desktop\\CHAT-API\\src\\helpers\\signToken.js": {"path":"C:\\Users\\USER\\Desktop\\CHAT-API\\src\\helpers\\signToken.js","statementMap":{"0":{"start":{"line":1,"column":12},"end":{"line":1,"column":35}},"1":{"start":{"line":2,"column":0},"end":{"line":2,"column":27}},"2":{"start":{"line":3,"column":18},"end":{"line":5,"column":1}},"3":{"start":{"line":4,"column":2},"end":{"line":4,"column":67}},"4":{"start":{"line":6,"column":22},"end":{"line":8,"column":1}},"5":{"start":{"line":7,"column":2},"end":{"line":7,"column":55}},"6":{"start":{"line":9,"column":24},"end":{"line":11,"column":1}},"7":{"start":{"line":10,"column":2},"end":{"line":10,"column":61}},"8":{"start":{"line":12,"column":0},"end":{"line":12,"column":52}}},"fnMap":{"0":{"name":"(anonymous_0)","decl":{"start":{"line":3,"column":18},"end":{"line":3,"column":19}},"loc":{"start":{"line":3,"column":47},"end":{"line":5,"column":1}},"line":3},"1":{"name":"(anonymous_1)","decl":{"start":{"line":6,"column":22},"end":{"line":6,"column":23}},"loc":{"start":{"line":6,"column":32},"end":{"line":8,"column":1}},"line":6},"2":{"name":"(anonymous_2)","decl":{"start":{"line":9,"column":24},"end":{"line":9,"column":25}},"loc":{"start":{"line":9,"column":34},"end":{"line":11,"column":1}},"line":9}},"branchMap":{},"s":{"0":1,"1":1,"2":1,"3":1,"4":1,"5":1,"6":1,"7":0,"8":1},"f":{"0":1,"1":1,"2":0},"b":{},"_coverageSchema":"1a1c01bbd47fc00a2c39e90264f33305004495a9","hash":"7d8035895c9d05b70f79f9edfe1429b9d22e8a74"}
,"C:\\Users\\USER\\Desktop\\CHAT-API\\src\\middlewares\\auth.middleware.js": {"path":"C:\\Users\\USER\\Desktop\\CHAT-API\\src\\middlewares\\auth.middleware.js","statementMap":{"0":{"start":{"line":1,"column":12},"end":{"line":1,"column":35}},"1":{"start":{"line":2,"column":0},"end":{"line":2,"column":27}},"2":{"start":{"line":4,"column":21},"end":{"line":25,"column":1}},"3":{"start":{"line":5,"column":2},"end":{"line":24,"column":3}},"4":{"start":{"line":6,"column":26},"end":{"line":6,"column":51}},"5":{"start":{"line":8,"column":4},"end":{"line":13,"column":5}},"6":{"start":{"line":9,"column":6},"end":{"line":12,"column":8}},"7":{"start":{"line":14,"column":18},"end":{"line":14,"column":45}},"8":{"start":{"line":17,"column":17},"end":{"line":19,"column":6}},"9":{"start":{"line":20,"column":4},"end":{"line":20,"column":20}},"10":{"start":{"line":21,"column":4},"end":{"line":21,"column":11}},"11":{"start":{"line":23,"column":4},"end":{"line":23,"column":16}},"12":{"start":{"line":27,"column":0},"end":{"line":27,"column":30}}},"fnMap":{"0":{"name":"(anonymous_0)","decl":{"start":{"line":4,"column":21},"end":{"line":4,"column":22}},"loc":{"start":{"line":4,"column":41},"end":{"line":25,"column":1}},"line":4}},"branchMap":{"0":{"loc":{"start":{"line":8,"column":4},"end":{"line":13,"column":5}},"type":"if","locations":[{"start":{"line":8,"column":4},"end":{"line":13,"column":5}},{"start":{},"end":{}}],"line":8}},"s":{"0":1,"1":1,"2":1,"3":0,"4":0,"5":0,"6":0,"7":0,"8":0,"9":0,"10":0,"11":0,"12":1},"f":{"0":0},"b":{"0":[0,0]},"_coverageSchema":"1a1c01bbd47fc00a2c39e90264f33305004495a9","hash":"9ac733813d7157067975a6741b1325e1e6c70019"}
,"C:\\Users\\USER\\Desktop\\CHAT-API\\src\\middlewares\\errors.middleware.js": {"path":"C:\\Users\\USER\\Desktop\\CHAT-API\\src\\middlewares\\errors.middleware.js","statementMap":{"0":{"start":{"line":2,"column":11},"end":{"line":2,"column":38}},"1":{"start":{"line":3,"column":13},"end":{"line":3,"column":33}},"2":{"start":{"line":8,"column":4},"end":{"line":8,"column":24}},"3":{"start":{"line":9,"column":14},"end":{"line":9,"column":30}},"4":{"start":{"line":13,"column":17},"end":{"line":23,"column":1}},"5":{"start":{"line":14,"column":32},"end":{"line":14,"column":35}},"6":{"start":{"line":15,"column":2},"end":{"line":15,"column":20}},"7":{"start":{"line":16,"column":21},"end":{"line":16,"column":55}},"8":{"start":{"line":17,"column":31},"end":{"line":17,"column":34}},"9":{"start":{"line":18,"column":2},"end":{"line":22,"column":4}},"10":{"start":{"line":25,"column":20},"end":{"line":36,"column":1}},"11":{"start":{"line":26,"column":15},"end":{"line":26,"column":42}},"12":{"start":{"line":27,"column":18},"end":{"line":27,"column":46}},"13":{"start":{"line":28,"column":2},"end":{"line":28,"column":19}},"14":{"start":{"line":29,"column":19},"end":{"line":29,"column":70}},"15":{"start":{"line":30,"column":2},"end":{"line":33,"column":4}},"16":{"start":{"line":34,"column":2},"end":{"line":34,"column":51}},"17":{"start":{"line":35,"column":2},"end":{"line":35,"column":12}},"18":{"start":{"line":38,"column":24},"end":{"line":65,"column":1}},"19":{"start":{"line":41,"column":2},"end":{"line":46,"column":3}},"20":{"start":{"line":42,"column":4},"end":{"line":45,"column":7}},"21":{"start":{"line":48,"column":2},"end":{"line":54,"column":3}},"22":{"start":{"line":49,"column":4},"end":{"line":53,"column":7}},"23":{"start":{"line":56,"column":2},"end":{"line":62,"column":3}},"24":{"start":{"line":57,"column":4},"end":{"line":61,"column":7}},"25":{"start":{"line":64,"column":2},"end":{"line":64,"column":12}},"26":{"start":{"line":67,"column":24},"end":{"line":77,"column":1}},"27":{"start":{"line":68,"column":20},"end":{"line":68,"column":62}},"28":{"start":{"line":70,"column":2},"end":{"line":75,"column":3}},"29":{"start":{"line":71,"column":4},"end":{"line":74,"column":7}},"30":{"start":{"line":76,"column":2},"end":{"line":76,"column":12}},"31":{"start":{"line":81,"column":21},"end":{"line":84,"column":1}},"32":{"start":{"line":82,"column":31},"end":{"line":82,"column":34}},"33":{"start":{"line":83,"column":2},"end":{"line":83,"column":40}},"34":{"start":{"line":86,"column":29},"end":{"line":91,"column":1}},"35":{"start":{"line":87,"column":2},"end":{"line":90,"column":5}},"36":{"start":{"line":93,"column":0},"end":{"line":99,"column":2}}},"fnMap":{"0":{"name":"(anonymous_0)","decl":{"start":{"line":13,"column":17},"end":{"line":13,"column":18}},"loc":{"start":{"line":13,"column":36},"end":{"line":23,"column":1}},"line":13},"1":{"name":"(anonymous_1)","decl":{"start":{"line":25,"column":20},"end":{"line":25,"column":21}},"loc":{"start":{"line":25,"column":45},"end":{"line":36,"column":1}},"line":25},"2":{"name":"(anonymous_2)","decl":{"start":{"line":38,"column":24},"end":{"line":38,"column":25}},"loc":{"start":{"line":38,"column":49},"end":{"line":65,"column":1}},"line":38},"3":{"name":"(anonymous_3)","decl":{"start":{"line":67,"column":24},"end":{"line":67,"column":25}},"loc":{"start":{"line":67,"column":49},"end":{"line":77,"column":1}},"line":67},"4":{"name":"(anonymous_4)","decl":{"start":{"line":81,"column":21},"end":{"line":81,"column":22}},"loc":{"start":{"line":81,"column":46},"end":{"line":84,"column":1}},"line":81},"5":{"name":"(anonymous_5)","decl":{"start":{"line":86,"column":29},"end":{"line":86,"column":30}},"loc":{"start":{"line":86,"column":43},"end":{"line":91,"column":1}},"line":86}},"branchMap":{"0":{"loc":{"start":{"line":16,"column":21},"end":{"line":16,"column":55}},"type":"cond-expr","locations":[{"start":{"line":16,"column":28},"end":{"line":16,"column":48}},{"start":{"line":16,"column":51},"end":{"line":16,"column":55}}],"line":16},"1":{"loc":{"start":{"line":41,"column":2},"end":{"line":46,"column":3}},"type":"if","locations":[{"start":{"line":41,"column":2},"end":{"line":46,"column":3}},{"start":{},"end":{}}],"line":41},"2":{"loc":{"start":{"line":48,"column":2},"end":{"line":54,"column":3}},"type":"if","locations":[{"start":{"line":48,"column":2},"end":{"line":54,"column":3}},{"start":{},"end":{}}],"line":48},"3":{"loc":{"start":{"line":56,"column":2},"end":{"line":62,"column":3}},"type":"if","locations":[{"start":{"line":56,"column":2},"end":{"line":62,"column":3}},{"start":{},"end":{}}],"line":56},"4":{"loc":{"start":{"line":70,"column":2},"end":{"line":75,"column":3}},"type":"if","locations":[{"start":{"line":70,"column":2},"end":{"line":75,"column":3}},{"start":{},"end":{}}],"line":70},"5":{"loc":{"start":{"line":83,"column":13},"end":{"line":83,"column":26}},"type":"binary-expr","locations":[{"start":{"line":83,"column":13},"end":{"line":83,"column":19}},{"start":{"line":83,"column":23},"end":{"line":83,"column":26}}],"line":83}},"s":{"0":1,"1":1,"2":1,"3":1,"4":1,"5":2,"6":2,"7":2,"8":2,"9":2,"10":1,"11":2,"12":2,"13":2,"14":2,"15":2,"16":2,"17":2,"18":1,"19":2,"20":0,"21":2,"22":0,"23":2,"24":0,"25":2,"26":1,"27":0,"28":0,"29":0,"30":0,"31":1,"32":2,"33":2,"34":1,"35":0,"36":1},"f":{"0":2,"1":2,"2":2,"3":0,"4":2,"5":0},"b":{"0":[2,0],"1":[0,2],"2":[0,2],"3":[0,2],"4":[0,0],"5":[2,0]},"_coverageSchema":"1a1c01bbd47fc00a2c39e90264f33305004495a9","hash":"44606d17f6f9e7cc342b7d3d1c3df613f557b851"}
,"C:\\Users\\USER\\Desktop\\CHAT-API\\src\\middlewares\\imageUpload.middleware.js": {"path":"C:\\Users\\USER\\Desktop\\CHAT-API\\src\\middlewares\\imageUpload.middleware.js","statementMap":{"0":{"start":{"line":1,"column":15},"end":{"line":1,"column":32}},"1":{"start":{"line":2,"column":13},"end":{"line":2,"column":33}},"2":{"start":{"line":5,"column":15},"end":{"line":26,"column":2}},"3":{"start":{"line":9,"column":19},"end":{"line":9,"column":29}},"4":{"start":{"line":10,"column":6},"end":{"line":10,"column":47}},"5":{"start":{"line":17,"column":4},"end":{"line":23,"column":5}},"6":{"start":{"line":18,"column":6},"end":{"line":22,"column":9}},"7":{"start":{"line":24,"column":4},"end":{"line":24,"column":19}},"8":{"start":{"line":29,"column":0},"end":{"line":29,"column":24}}},"fnMap":{"0":{"name":"(anonymous_0)","decl":{"start":{"line":8,"column":14},"end":{"line":8,"column":15}},"loc":{"start":{"line":8,"column":33},"end":{"line":11,"column":5}},"line":8},"1":{"name":"(anonymous_1)","decl":{"start":{"line":16,"column":14},"end":{"line":16,"column":15}},"loc":{"start":{"line":16,"column":33},"end":{"line":25,"column":3}},"line":16}},"branchMap":{"0":{"loc":{"start":{"line":17,"column":4},"end":{"line":23,"column":5}},"type":"if","locations":[{"start":{"line":17,"column":4},"end":{"line":23,"column":5}},{"start":{},"end":{}}],"line":17}},"s":{"0":1,"1":1,"2":1,"3":0,"4":0,"5":0,"6":0,"7":0,"8":1},"f":{"0":0,"1":0},"b":{"0":[0,0]},"_coverageSchema":"1a1c01bbd47fc00a2c39e90264f33305004495a9","hash":"0e6f5dca35b2b7771891674df203298ecd8619e1"}
,"C:\\Users\\USER\\Desktop\\CHAT-API\\src\\middlewares\\validator.middleware.js": {"path":"C:\\Users\\USER\\Desktop\\CHAT-API\\src\\middlewares\\validator.middleware.js","statementMap":{"0":{"start":{"line":1,"column":29},"end":{"line":1,"column":57}},"1":{"start":{"line":3,"column":23},"end":{"line":14,"column":1}},"2":{"start":{"line":4,"column":2},"end":{"line":13,"column":3}},"3":{"start":{"line":5,"column":4},"end":{"line":5,"column":34}},"4":{"start":{"line":6,"column":4},"end":{"line":6,"column":11}},"5":{"start":{"line":8,"column":4},"end":{"line":12,"column":7}},"6":{"start":{"line":11,"column":44},"end":{"line":11,"column":53}},"7":{"start":{"line":16,"column":0},"end":{"line":16,"column":32}}},"fnMap":{"0":{"name":"(anonymous_0)","decl":{"start":{"line":3,"column":23},"end":{"line":3,"column":24}},"loc":{"start":{"line":3,"column":43},"end":{"line":14,"column":1}},"line":3},"1":{"name":"(anonymous_1)","decl":{"start":{"line":11,"column":33},"end":{"line":11,"column":34}},"loc":{"start":{"line":11,"column":44},"end":{"line":11,"column":53}},"line":11}},"branchMap":{},"s":{"0":1,"1":1,"2":4,"3":4,"4":2,"5":2,"6":8,"7":1},"f":{"0":4,"1":8},"b":{},"_coverageSchema":"1a1c01bbd47fc00a2c39e90264f33305004495a9","hash":"170d21b5d9c7ead4558006ca8577aa4479d7a26d"}
,"C:\\Users\\USER\\Desktop\\CHAT-API\\src\\models\\conversation.js": {"path":"C:\\Users\\USER\\Desktop\\CHAT-API\\src\\models\\conversation.js","statementMap":{"0":{"start":{"line":4,"column":4},"end":{"line":4,"column":24}},"1":{"start":{"line":5,"column":0},"end":{"line":32,"column":2}},"2":{"start":{"line":14,"column":6},"end":{"line":14,"column":75}},"3":{"start":{"line":15,"column":6},"end":{"line":15,"column":69}},"4":{"start":{"line":16,"column":6},"end":{"line":16,"column":72}},"5":{"start":{"line":17,"column":6},"end":{"line":17,"column":79}},"6":{"start":{"line":20,"column":2},"end":{"line":30,"column":5}},"7":{"start":{"line":31,"column":2},"end":{"line":31,"column":22}}},"fnMap":{"0":{"name":"(anonymous_0)","decl":{"start":{"line":5,"column":17},"end":{"line":5,"column":18}},"loc":{"start":{"line":5,"column":43},"end":{"line":32,"column":1}},"line":5},"1":{"name":"(anonymous_1)","decl":{"start":{"line":12,"column":4},"end":{"line":12,"column":5}},"loc":{"start":{"line":12,"column":29},"end":{"line":18,"column":5}},"line":12}},"branchMap":{},"s":{"0":1,"1":1,"2":1,"3":1,"4":1,"5":1,"6":1,"7":1},"f":{"0":1,"1":1},"b":{},"_coverageSchema":"1a1c01bbd47fc00a2c39e90264f33305004495a9","hash":"52453a6927f3eeb0870ba03ec92f36c5fdd2f098"}
,"C:\\Users\\USER\\Desktop\\CHAT-API\\src\\models\\index.js": {"path":"C:\\Users\\USER\\Desktop\\CHAT-API\\src\\models\\index.js","statementMap":{"0":{"start":{"line":3,"column":11},"end":{"line":3,"column":24}},"1":{"start":{"line":4,"column":13},"end":{"line":4,"column":28}},"2":{"start":{"line":5,"column":18},"end":{"line":5,"column":38}},"3":{"start":{"line":6,"column":16},"end":{"line":6,"column":34}},"4":{"start":{"line":7,"column":17},"end":{"line":7,"column":42}},"5":{"start":{"line":8,"column":12},"end":{"line":8,"column":49}},"6":{"start":{"line":9,"column":15},"end":{"line":9,"column":63}},"7":{"start":{"line":10,"column":11},"end":{"line":10,"column":13}},"8":{"start":{"line":13,"column":0},"end":{"line":17,"column":1}},"9":{"start":{"line":14,"column":2},"end":{"line":14,"column":74}},"10":{"start":{"line":16,"column":2},"end":{"line":16,"column":87}},"11":{"start":{"line":19,"column":0},"end":{"line":32,"column":5}},"12":{"start":{"line":22,"column":4},"end":{"line":27,"column":6}},"13":{"start":{"line":30,"column":18},"end":{"line":30,"column":85}},"14":{"start":{"line":31,"column":4},"end":{"line":31,"column":27}},"15":{"start":{"line":34,"column":0},"end":{"line":38,"column":3}},"16":{"start":{"line":35,"column":2},"end":{"line":37,"column":3}},"17":{"start":{"line":36,"column":4},"end":{"line":36,"column":32}},"18":{"start":{"line":40,"column":0},"end":{"line":40,"column":25}},"19":{"start":{"line":41,"column":0},"end":{"line":41,"column":25}},"20":{"start":{"line":43,"column":0},"end":{"line":43,"column":20}}},"fnMap":{"0":{"name":"(anonymous_0)","decl":{"start":{"line":21,"column":10},"end":{"line":21,"column":11}},"loc":{"start":{"line":21,"column":18},"end":{"line":28,"column":3}},"line":21},"1":{"name":"(anonymous_1)","decl":{"start":{"line":29,"column":11},"end":{"line":29,"column":12}},"loc":{"start":{"line":29,"column":19},"end":{"line":32,"column":3}},"line":29},"2":{"name":"(anonymous_2)","decl":{"start":{"line":34,"column":24},"end":{"line":34,"column":25}},"loc":{"start":{"line":34,"column":37},"end":{"line":38,"column":1}},"line":34}},"branchMap":{"0":{"loc":{"start":{"line":8,"column":12},"end":{"line":8,"column":49}},"type":"binary-expr","locations":[{"start":{"line":8,"column":12},"end":{"line":8,"column":32}},{"start":{"line":8,"column":36},"end":{"line":8,"column":49}}],"line":8},"1":{"loc":{"start":{"line":13,"column":0},"end":{"line":17,"column":1}},"type":"if","locations":[{"start":{"line":13,"column":0},"end":{"line":17,"column":1}},{"start":{"line":15,"column":7},"end":{"line":17,"column":1}}],"line":13},"2":{"loc":{"start":{"line":23,"column":6},"end":{"line":26,"column":37}},"type":"binary-expr","locations":[{"start":{"line":23,"column":6},"end":{"line":23,"column":29}},{"start":{"line":24,"column":6},"end":{"line":24,"column":23}},{"start":{"line":25,"column":6},"end":{"line":25,"column":30}},{"start":{"line":26,"column":6},"end":{"line":26,"column":37}}],"line":23},"3":{"loc":{"start":{"line":35,"column":2},"end":{"line":37,"column":3}},"type":"if","locations":[{"start":{"line":35,"column":2},"end":{"line":37,"column":3}},{"start":{},"end":{}}],"line":35}},"s":{"0":1,"1":1,"2":1,"3":1,"4":1,"5":1,"6":1,"7":1,"8":1,"9":0,"10":1,"11":1,"12":5,"13":4,"14":4,"15":1,"16":4,"17":4,"18":1,"19":1,"20":1},"f":{"0":5,"1":4,"2":4},"b":{"0":[1,0],"1":[0,1],"2":[5,5,4,4],"3":[4,0]},"_coverageSchema":"1a1c01bbd47fc00a2c39e90264f33305004495a9","hash":"ff540c66c5e83421a7a502524315051d58927695"}
,"C:\\Users\\USER\\Desktop\\CHAT-API\\src\\models\\message.js": {"path":"C:\\Users\\USER\\Desktop\\CHAT-API\\src\\models\\message.js","statementMap":{"0":{"start":{"line":4,"column":4},"end":{"line":4,"column":24}},"1":{"start":{"line":5,"column":0},"end":{"line":29,"column":2}},"2":{"start":{"line":14,"column":6},"end":{"line":14,"column":63}},"3":{"start":{"line":15,"column":6},"end":{"line":15,"column":77}},"4":{"start":{"line":18,"column":2},"end":{"line":27,"column":5}},"5":{"start":{"line":28,"column":2},"end":{"line":28,"column":17}}},"fnMap":{"0":{"name":"(anonymous_0)","decl":{"start":{"line":5,"column":17},"end":{"line":5,"column":18}},"loc":{"start":{"line":5,"column":43},"end":{"line":29,"column":1}},"line":5},"1":{"name":"(anonymous_1)","decl":{"start":{"line":12,"column":4},"end":{"line":12,"column":5}},"loc":{"start":{"line":12,"column":29},"end":{"line":16,"column":5}},"line":12}},"branchMap":{},"s":{"0":1,"1":1,"2":1,"3":1,"4":1,"5":1},"f":{"0":1,"1":1},"b":{},"_coverageSchema":"1a1c01bbd47fc00a2c39e90264f33305004495a9","hash":"5f57ad4d979e98a93a1bc099278c05ac44dd9956"}
,"C:\\Users\\USER\\Desktop\\CHAT-API\\src\\models\\participant.js": {"path":"C:\\Users\\USER\\Desktop\\CHAT-API\\src\\models\\participant.js","statementMap":{"0":{"start":{"line":2,"column":18},"end":{"line":2,"column":38}},"1":{"start":{"line":3,"column":0},"end":{"line":30,"column":2}},"2":{"start":{"line":12,"column":6},"end":{"line":12,"column":67}},"3":{"start":{"line":13,"column":6},"end":{"line":15,"column":9}},"4":{"start":{"line":18,"column":2},"end":{"line":28,"column":4}},"5":{"start":{"line":29,"column":2},"end":{"line":29,"column":21}}},"fnMap":{"0":{"name":"(anonymous_0)","decl":{"start":{"line":3,"column":17},"end":{"line":3,"column":18}},"loc":{"start":{"line":3,"column":43},"end":{"line":30,"column":1}},"line":3},"1":{"name":"(anonymous_1)","decl":{"start":{"line":10,"column":4},"end":{"line":10,"column":5}},"loc":{"start":{"line":10,"column":29},"end":{"line":16,"column":5}},"line":10}},"branchMap":{},"s":{"0":1,"1":1,"2":1,"3":1,"4":1,"5":1},"f":{"0":1,"1":1},"b":{},"_coverageSchema":"1a1c01bbd47fc00a2c39e90264f33305004495a9","hash":"51935cd93eee84c011a24907c488789c17447988"}
,"C:\\Users\\USER\\Desktop\\CHAT-API\\src\\models\\user.js": {"path":"C:\\Users\\USER\\Desktop\\CHAT-API\\src\\models\\user.js","statementMap":{"0":{"start":{"line":3,"column":15},"end":{"line":3,"column":32}},"1":{"start":{"line":4,"column":18},"end":{"line":4,"column":38}},"2":{"start":{"line":5,"column":25},"end":{"line":5,"column":55}},"3":{"start":{"line":7,"column":0},"end":{"line":49,"column":2}},"4":{"start":{"line":17,"column":6},"end":{"line":17,"column":63}},"5":{"start":{"line":18,"column":6},"end":{"line":18,"column":69}},"6":{"start":{"line":19,"column":6},"end":{"line":19,"column":74}},"7":{"start":{"line":20,"column":6},"end":{"line":20,"column":65}},"8":{"start":{"line":23,"column":2},"end":{"line":47,"column":4}},"9":{"start":{"line":38,"column":25},"end":{"line":38,"column":61}},"10":{"start":{"line":39,"column":10},"end":{"line":39,"column":33}},"11":{"start":{"line":42,"column":49},"end":{"line":42,"column":53}},"12":{"start":{"line":43,"column":10},"end":{"line":43,"column":59}},"13":{"start":{"line":48,"column":2},"end":{"line":48,"column":14}}},"fnMap":{"0":{"name":"(anonymous_0)","decl":{"start":{"line":7,"column":17},"end":{"line":7,"column":18}},"loc":{"start":{"line":7,"column":43},"end":{"line":49,"column":1}},"line":7},"1":{"name":"(anonymous_1)","decl":{"start":{"line":14,"column":4},"end":{"line":14,"column":5}},"loc":{"start":{"line":14,"column":29},"end":{"line":21,"column":5}},"line":14},"2":{"name":"(anonymous_2)","decl":{"start":{"line":37,"column":22},"end":{"line":37,"column":23}},"loc":{"start":{"line":37,"column":47},"end":{"line":40,"column":9}},"line":37},"3":{"name":"(anonymous_3)","decl":{"start":{"line":41,"column":21},"end":{"line":41,"column":22}},"loc":{"start":{"line":41,"column":46},"end":{"line":44,"column":9}},"line":41}},"branchMap":{},"s":{"0":1,"1":1,"2":1,"3":1,"4":1,"5":1,"6":1,"7":1,"8":1,"9":2,"10":2,"11":2,"12":2,"13":1},"f":{"0":1,"1":1,"2":2,"3":2},"b":{},"_coverageSchema":"1a1c01bbd47fc00a2c39e90264f33305004495a9","hash":"c08598f6bf3ba9ed4262b93727f64725233d9152"}
,"C:\\Users\\USER\\Desktop\\CHAT-API\\src\\modules\\conversations\\conversations.controllers.js": {"path":"C:\\Users\\USER\\Desktop\\CHAT-API\\src\\modules\\conversations\\conversations.controllers.js","statementMap":{"0":{"start":{"line":1,"column":44},"end":{"line":1,"column":67}},"1":{"start":{"line":3,"column":27},"end":{"line":18,"column":1}},"2":{"start":{"line":4,"column":2},"end":{"line":17,"column":3}},"3":{"start":{"line":5,"column":38},"end":{"line":5,"column":46}},"4":{"start":{"line":7,"column":25},"end":{"line":7,"column":73}},"5":{"start":{"line":9,"column":35},"end":{"line":9,"column":47}},"6":{"start":{"line":10,"column":17},"end":{"line":10,"column":44}},"7":{"start":{"line":11,"column":24},"end":{"line":11,"column":58}},"8":{"start":{"line":12,"column":4},"end":{"line":12,"column":37}},"9":{"start":{"line":13,"column":4},"end":{"line":13,"column":44}},"10":{"start":{"line":14,"column":4},"end":{"line":14,"column":26}},"11":{"start":{"line":16,"column":4},"end":{"line":16,"column":16}},"12":{"start":{"line":24,"column":32},"end":{"line":48,"column":1}},"13":{"start":{"line":25,"column":2},"end":{"line":47,"column":3}},"14":{"start":{"line":27,"column":47},"end":{"line":27,"column":55}},"15":{"start":{"line":28,"column":25},"end":{"line":32,"column":6}},"16":{"start":{"line":36,"column":31},"end":{"line":41,"column":5}},"17":{"start":{"line":37,"column":24},"end":{"line":40,"column":7}},"18":{"start":{"line":43,"column":4},"end":{"line":43,"column":53}},"19":{"start":{"line":44,"column":4},"end":{"line":44,"column":26}},"20":{"start":{"line":46,"column":4},"end":{"line":46,"column":16}},"21":{"start":{"line":50,"column":28},"end":{"line":74,"column":1}},"22":{"start":{"line":51,"column":2},"end":{"line":73,"column":3}},"23":{"start":{"line":52,"column":19},"end":{"line":52,"column":29}},"24":{"start":{"line":54,"column":26},"end":{"line":69,"column":6}},"25":{"start":{"line":70,"column":4},"end":{"line":70,"column":28}},"26":{"start":{"line":72,"column":4},"end":{"line":72,"column":16}},"27":{"start":{"line":76,"column":0},"end":{"line":80,"column":2}}},"fnMap":{"0":{"name":"(anonymous_0)","decl":{"start":{"line":3,"column":27},"end":{"line":3,"column":28}},"loc":{"start":{"line":3,"column":53},"end":{"line":18,"column":1}},"line":3},"1":{"name":"(anonymous_1)","decl":{"start":{"line":24,"column":32},"end":{"line":24,"column":33}},"loc":{"start":{"line":24,"column":58},"end":{"line":48,"column":1}},"line":24},"2":{"name":"(anonymous_2)","decl":{"start":{"line":37,"column":6},"end":{"line":37,"column":7}},"loc":{"start":{"line":37,"column":24},"end":{"line":40,"column":7}},"line":37},"3":{"name":"(anonymous_3)","decl":{"start":{"line":50,"column":28},"end":{"line":50,"column":29}},"loc":{"start":{"line":50,"column":54},"end":{"line":74,"column":1}},"line":50}},"branchMap":{},"s":{"0":1,"1":1,"2":0,"3":0,"4":0,"5":0,"6":0,"7":0,"8":0,"9":0,"10":0,"11":0,"12":1,"13":0,"14":0,"15":0,"16":0,"17":0,"18":0,"19":0,"20":0,"21":1,"22":0,"23":0,"24":0,"25":0,"26":0,"27":1},"f":{"0":0,"1":0,"2":0,"3":0},"b":{},"_coverageSchema":"1a1c01bbd47fc00a2c39e90264f33305004495a9","hash":"4195f15bc2f9a23153438999a4bd5a31af7b47dd"}
,"C:\\Users\\USER\\Desktop\\CHAT-API\\src\\modules\\conversations\\conversations.routes.js": {"path":"C:\\Users\\USER\\Desktop\\CHAT-API\\src\\modules\\conversations\\conversations.routes.js","statementMap":{"0":{"start":{"line":1,"column":19},"end":{"line":1,"column":37}},"1":{"start":{"line":6,"column":4},"end":{"line":6,"column":42}},"2":{"start":{"line":7,"column":21},"end":{"line":7,"column":65}},"3":{"start":{"line":8,"column":34},"end":{"line":8,"column":71}},"4":{"start":{"line":9,"column":15},"end":{"line":9,"column":23}},"5":{"start":{"line":17,"column":0},"end":{"line":17,"column":74}},"6":{"start":{"line":18,"column":0},"end":{"line":18,"column":84}},"7":{"start":{"line":20,"column":0},"end":{"line":20,"column":54}},"8":{"start":{"line":22,"column":0},"end":{"line":22,"column":24}}},"fnMap":{},"branchMap":{},"s":{"0":1,"1":1,"2":1,"3":1,"4":1,"5":1,"6":1,"7":1,"8":1},"f":{},"b":{},"_coverageSchema":"1a1c01bbd47fc00a2c39e90264f33305004495a9","hash":"a184a4d4cbebd9f23e749db4fd6d8d7439e8c435"}
,"C:\\Users\\USER\\Desktop\\CHAT-API\\src\\modules\\conversations\\conversations.validators.js": {"path":"C:\\Users\\USER\\Desktop\\CHAT-API\\src\\modules\\conversations\\conversations.validators.js","statementMap":{"0":{"start":{"line":1,"column":18},"end":{"line":1,"column":46}},"1":{"start":{"line":2,"column":23},"end":{"line":2,"column":72}},"2":{"start":{"line":4,"column":30},"end":{"line":22,"column":1}},"3":{"start":{"line":24,"column":0},"end":{"line":26,"column":1}}},"fnMap":{},"branchMap":{},"s":{"0":1,"1":1,"2":1,"3":1},"f":{},"b":{},"_coverageSchema":"1a1c01bbd47fc00a2c39e90264f33305004495a9","hash":"512e7196bb492dcca2e4f5821e337394d3b70f7e"}
,"C:\\Users\\USER\\Desktop\\CHAT-API\\src\\modules\\messages\\messages.controllers.js": {"path":"C:\\Users\\USER\\Desktop\\CHAT-API\\src\\modules\\messages\\messages.controllers.js","statementMap":{"0":{"start":{"line":2,"column":26},"end":{"line":2,"column":49}},"1":{"start":{"line":4,"column":34},"end":{"line":20,"column":1}},"2":{"start":{"line":5,"column":2},"end":{"line":19,"column":3}},"3":{"start":{"line":6,"column":35},"end":{"line":6,"column":45}},"4":{"start":{"line":8,"column":34},"end":{"line":8,"column":42}},"5":{"start":{"line":10,"column":4},"end":{"line":14,"column":7}},"6":{"start":{"line":16,"column":4},"end":{"line":16,"column":26}},"7":{"start":{"line":18,"column":4},"end":{"line":18,"column":16}},"8":{"start":{"line":22,"column":32},"end":{"line":39,"column":1}},"9":{"start":{"line":23,"column":2},"end":{"line":38,"column":3}},"10":{"start":{"line":24,"column":35},"end":{"line":24,"column":45}},"11":{"start":{"line":26,"column":21},"end":{"line":32,"column":6}},"12":{"start":{"line":33,"column":4},"end":{"line":33,"column":23}},"13":{"start":{"line":37,"column":4},"end":{"line":37,"column":16}},"14":{"start":{"line":41,"column":0},"end":{"line":44,"column":2}}},"fnMap":{"0":{"name":"(anonymous_0)","decl":{"start":{"line":4,"column":34},"end":{"line":4,"column":35}},"loc":{"start":{"line":4,"column":60},"end":{"line":20,"column":1}},"line":4},"1":{"name":"(anonymous_1)","decl":{"start":{"line":22,"column":32},"end":{"line":22,"column":33}},"loc":{"start":{"line":22,"column":58},"end":{"line":39,"column":1}},"line":22}},"branchMap":{},"s":{"0":1,"1":1,"2":0,"3":0,"4":0,"5":0,"6":0,"7":0,"8":1,"9":0,"10":0,"11":0,"12":0,"13":0,"14":1},"f":{"0":0,"1":0},"b":{},"_coverageSchema":"1a1c01bbd47fc00a2c39e90264f33305004495a9","hash":"9f585a97bec119e99656d0765c337dcbf34df8d7"}
,"C:\\Users\\USER\\Desktop\\CHAT-API\\src\\modules\\messages\\messages.routes.js": {"path":"C:\\Users\\USER\\Desktop\\CHAT-API\\src\\modules\\messages\\messages.routes.js","statementMap":{"0":{"start":{"line":1,"column":19},"end":{"line":1,"column":37}},"1":{"start":{"line":5,"column":4},"end":{"line":5,"column":37}},"2":{"start":{"line":6,"column":29},"end":{"line":6,"column":61}},"3":{"start":{"line":7,"column":21},"end":{"line":7,"column":65}},"4":{"start":{"line":9,"column":15},"end":{"line":9,"column":23}},"5":{"start":{"line":12,"column":0},"end":{"line":15,"column":64}},"6":{"start":{"line":17,"column":0},"end":{"line":17,"column":24}}},"fnMap":{},"branchMap":{},"s":{"0":1,"1":1,"2":1,"3":1,"4":1,"5":1,"6":1},"f":{},"b":{},"_coverageSchema":"1a1c01bbd47fc00a2c39e90264f33305004495a9","hash":"eb7fa5b714a06be16cd05ee048277ae160bff11c"}
,"C:\\Users\\USER\\Desktop\\CHAT-API\\src\\modules\\messages\\messages.validators.js": {"path":"C:\\Users\\USER\\Desktop\\CHAT-API\\src\\modules\\messages\\messages.validators.js","statementMap":{"0":{"start":{"line":1,"column":18},"end":{"line":1,"column":46}},"1":{"start":{"line":2,"column":23},"end":{"line":2,"column":72}},"2":{"start":{"line":4,"column":25},"end":{"line":15,"column":1}},"3":{"start":{"line":18,"column":0},"end":{"line":20,"column":2}}},"fnMap":{},"branchMap":{},"s":{"0":1,"1":1,"2":1,"3":1},"f":{},"b":{},"_coverageSchema":"1a1c01bbd47fc00a2c39e90264f33305004495a9","hash":"f9c264c0980583a50cb4046afe847588292de0d2"}
,"C:\\Users\\USER\\Desktop\\CHAT-API\\src\\modules\\user\\user.controllers.js": {"path":"C:\\Users\\USER\\Desktop\\CHAT-API\\src\\modules\\user\\user.controllers.js","statementMap":{"0":{"start":{"line":1,"column":17},"end":{"line":1,"column":40}},"1":{"start":{"line":2,"column":15},"end":{"line":2,"column":32}},"2":{"start":{"line":3,"column":12},"end":{"line":3,"column":35}},"3":{"start":{"line":4,"column":0},"end":{"line":4,"column":27}},"4":{"start":{"line":6,"column":20},"end":{"line":17,"column":1}},"5":{"start":{"line":7,"column":2},"end":{"line":16,"column":3}},"6":{"start":{"line":8,"column":18},"end":{"line":12,"column":6}},"7":{"start":{"line":13,"column":4},"end":{"line":13,"column":20}},"8":{"start":{"line":15,"column":4},"end":{"line":15,"column":16}},"9":{"start":{"line":19,"column":21},"end":{"line":32,"column":1}},"10":{"start":{"line":20,"column":2},"end":{"line":31,"column":3}},"11":{"start":{"line":21,"column":20},"end":{"line":21,"column":28}},"12":{"start":{"line":25,"column":17},"end":{"line":25,"column":43}},"13":{"start":{"line":26,"column":4},"end":{"line":26,"column":26}},"14":{"start":{"line":29,"column":4},"end":{"line":29,"column":22}},"15":{"start":{"line":30,"column":4},"end":{"line":30,"column":16}},"16":{"start":{"line":34,"column":18},"end":{"line":78,"column":1}},"17":{"start":{"line":35,"column":2},"end":{"line":77,"column":3}},"18":{"start":{"line":36,"column":32},"end":{"line":36,"column":40}},"19":{"start":{"line":37,"column":17},"end":{"line":37,"column":57}},"20":{"start":{"line":39,"column":4},"end":{"line":45,"column":5}},"21":{"start":{"line":40,"column":6},"end":{"line":44,"column":8}},"22":{"start":{"line":47,"column":28},"end":{"line":47,"column":73}},"23":{"start":{"line":48,"column":4},"end":{"line":54,"column":5}},"24":{"start":{"line":49,"column":6},"end":{"line":53,"column":8}},"25":{"start":{"line":56,"column":4},"end":{"line":62,"column":5}},"26":{"start":{"line":57,"column":6},"end":{"line":61,"column":8}},"27":{"start":{"line":65,"column":21},"end":{"line":65,"column":43}},"28":{"start":{"line":66,"column":4},"end":{"line":66,"column":29}},"29":{"start":{"line":67,"column":18},"end":{"line":70,"column":6}},"30":{"start":{"line":72,"column":4},"end":{"line":72,"column":27}},"31":{"start":{"line":73,"column":4},"end":{"line":73,"column":23}},"32":{"start":{"line":76,"column":4},"end":{"line":76,"column":16}},"33":{"start":{"line":80,"column":26},"end":{"line":107,"column":1}},"34":{"start":{"line":81,"column":2},"end":{"line":106,"column":3}},"35":{"start":{"line":82,"column":22},"end":{"line":82,"column":30}},"36":{"start":{"line":83,"column":4},"end":{"line":88,"column":5}},"37":{"start":{"line":84,"column":6},"end":{"line":87,"column":8}},"38":{"start":{"line":89,"column":22},"end":{"line":91,"column":6}},"39":{"start":{"line":92,"column":17},"end":{"line":92,"column":57}},"40":{"start":{"line":93,"column":4},"end":{"line":98,"column":5}},"41":{"start":{"line":94,"column":6},"end":{"line":97,"column":8}},"42":{"start":{"line":99,"column":4},"end":{"line":99,"column":27}},"43":{"start":{"line":100,"column":4},"end":{"line":100,"column":16}},"44":{"start":{"line":101,"column":4},"end":{"line":103,"column":7}},"45":{"start":{"line":105,"column":4},"end":{"line":105,"column":16}},"46":{"start":{"line":109,"column":21},"end":{"line":122,"column":1}},"47":{"start":{"line":110,"column":2},"end":{"line":121,"column":3}},"48":{"start":{"line":111,"column":21},"end":{"line":111,"column":24}},"49":{"start":{"line":112,"column":19},"end":{"line":112,"column":29}},"50":{"start":{"line":116,"column":20},"end":{"line":116,"column":68}},"51":{"start":{"line":117,"column":4},"end":{"line":117,"column":62}},"52":{"start":{"line":118,"column":4},"end":{"line":118,"column":26}},"53":{"start":{"line":120,"column":4},"end":{"line":120,"column":16}},"54":{"start":{"line":124,"column":0},"end":{"line":130,"column":2}}},"fnMap":{"0":{"name":"(anonymous_0)","decl":{"start":{"line":6,"column":20},"end":{"line":6,"column":21}},"loc":{"start":{"line":6,"column":46},"end":{"line":17,"column":1}},"line":6},"1":{"name":"(anonymous_1)","decl":{"start":{"line":19,"column":21},"end":{"line":19,"column":22}},"loc":{"start":{"line":19,"column":47},"end":{"line":32,"column":1}},"line":19},"2":{"name":"(anonymous_2)","decl":{"start":{"line":34,"column":18},"end":{"line":34,"column":19}},"loc":{"start":{"line":34,"column":44},"end":{"line":78,"column":1}},"line":34},"3":{"name":"(anonymous_3)","decl":{"start":{"line":80,"column":26},"end":{"line":80,"column":27}},"loc":{"start":{"line":80,"column":52},"end":{"line":107,"column":1}},"line":80},"4":{"name":"(anonymous_4)","decl":{"start":{"line":109,"column":21},"end":{"line":109,"column":22}},"loc":{"start":{"line":109,"column":47},"end":{"line":122,"column":1}},"line":109}},"branchMap":{"0":{"loc":{"start":{"line":39,"column":4},"end":{"line":45,"column":5}},"type":"if","locations":[{"start":{"line":39,"column":4},"end":{"line":45,"column":5}},{"start":{},"end":{}}],"line":39},"1":{"loc":{"start":{"line":48,"column":4},"end":{"line":54,"column":5}},"type":"if","locations":[{"start":{"line":48,"column":4},"end":{"line":54,"column":5}},{"start":{},"end":{}}],"line":48},"2":{"loc":{"start":{"line":56,"column":4},"end":{"line":62,"column":5}},"type":"if","locations":[{"start":{"line":56,"column":4},"end":{"line":62,"column":5}},{"start":{},"end":{}}],"line":56},"3":{"loc":{"start":{"line":83,"column":4},"end":{"line":88,"column":5}},"type":"if","locations":[{"start":{"line":83,"column":4},"end":{"line":88,"column":5}},{"start":{},"end":{}}],"line":83},"4":{"loc":{"start":{"line":93,"column":4},"end":{"line":98,"column":5}},"type":"if","locations":[{"start":{"line":93,"column":4},"end":{"line":98,"column":5}},{"start":{},"end":{}}],"line":93}},"s":{"0":1,"1":1,"2":1,"3":1,"4":1,"5":0,"6":0,"7":0,"8":0,"9":1,"10":2,"11":2,"12":2,"13":2,"14":0,"15":0,"16":1,"17":0,"18":0,"19":0,"20":0,"21":0,"22":0,"23":0,"24":0,"25":0,"26":0,"27":0,"28":0,"29":0,"30":0,"31":0,"32":0,"33":1,"34":0,"35":0,"36":0,"37":0,"38":0,"39":0,"40":0,"41":0,"42":0,"43":0,"44":0,"45":0,"46":1,"47":0,"48":0,"49":0,"50":0,"51":0,"52":0,"53":0,"54":1},"f":{"0":0,"1":2,"2":0,"3":0,"4":0},"b":{"0":[0,0],"1":[0,0],"2":[0,0],"3":[0,0],"4":[0,0]},"_coverageSchema":"1a1c01bbd47fc00a2c39e90264f33305004495a9","hash":"28bf745ac05905b04890558a4c95b4044fb6f0ce"}
,"C:\\Users\\USER\\Desktop\\CHAT-API\\src\\modules\\user\\user.routes.js": {"path":"C:\\Users\\USER\\Desktop\\CHAT-API\\src\\modules\\user\\user.routes.js","statementMap":{"0":{"start":{"line":1,"column":19},"end":{"line":1,"column":37}},"1":{"start":{"line":8,"column":4},"end":{"line":8,"column":33}},"2":{"start":{"line":9,"column":21},"end":{"line":9,"column":65}},"3":{"start":{"line":10,"column":50},"end":{"line":10,"column":77}},"4":{"start":{"line":11,"column":15},"end":{"line":11,"column":66}},"5":{"start":{"line":12,"column":15},"end":{"line":12,"column":23}},"6":{"start":{"line":14,"column":0},"end":{"line":17,"column":45}},"7":{"start":{"line":19,"column":0},"end":{"line":19,"column":72}},"8":{"start":{"line":21,"column":0},"end":{"line":21,"column":49}},"9":{"start":{"line":23,"column":0},"end":{"line":23,"column":44}},"10":{"start":{"line":25,"column":0},"end":{"line":25,"column":24}}},"fnMap":{},"branchMap":{},"s":{"0":1,"1":1,"2":1,"3":1,"4":1,"5":1,"6":1,"7":1,"8":1,"9":1,"10":1},"f":{},"b":{},"_coverageSchema":"1a1c01bbd47fc00a2c39e90264f33305004495a9","hash":"a9a97da194134c74fcef67ebdbd0e58a0f782550"}
,"C:\\Users\\USER\\Desktop\\CHAT-API\\src\\modules\\user\\user.validator.js": {"path":"C:\\Users\\USER\\Desktop\\CHAT-API\\src\\modules\\user\\user.validator.js","statementMap":{"0":{"start":{"line":1,"column":18},"end":{"line":1,"column":46}},"1":{"start":{"line":2,"column":23},"end":{"line":2,"column":72}},"2":{"start":{"line":4,"column":30},"end":{"line":50,"column":1}},"3":{"start":{"line":52,"column":23},"end":{"line":69,"column":1}},"4":{"start":{"line":71,"column":0},"end":{"line":74,"column":2}}},"fnMap":{},"branchMap":{},"s":{"0":1,"1":1,"2":1,"3":1,"4":1},"f":{},"b":{},"_coverageSchema":"1a1c01bbd47fc00a2c39e90264f33305004495a9","hash":"7e894feda2ded68a71c32fc9b581f387d0f5a753"}
,"C:\\Users\\USER\\Desktop\\CHAT-API\\src\\routes\\apiv1.routes.js": {"path":"C:\\Users\\USER\\Desktop\\CHAT-API\\src\\routes\\apiv1.routes.js","statementMap":{"0":{"start":{"line":1,"column":18},"end":{"line":1,"column":47}},"1":{"start":{"line":2,"column":19},"end":{"line":2,"column":45}},"2":{"start":{"line":3,"column":19},"end":{"line":3,"column":57}},"3":{"start":{"line":4,"column":28},"end":{"line":4,"column":84}},"4":{"start":{"line":5,"column":22},"end":{"line":5,"column":68}},"5":{"start":{"line":7,"column":20},"end":{"line":12,"column":1}},"6":{"start":{"line":8,"column":2},"end":{"line":8,"column":39}},"7":{"start":{"line":9,"column":2},"end":{"line":9,"column":56}},"8":{"start":{"line":10,"column":2},"end":{"line":10,"column":45}},"9":{"start":{"line":11,"column":2},"end":{"line":11,"column":72}},"10":{"start":{"line":14,"column":0},"end":{"line":14,"column":29}}},"fnMap":{"0":{"name":"(anonymous_0)","decl":{"start":{"line":7,"column":20},"end":{"line":7,"column":21}},"loc":{"start":{"line":7,"column":29},"end":{"line":12,"column":1}},"line":7}},"branchMap":{},"s":{"0":1,"1":1,"2":1,"3":1,"4":1,"5":1,"6":1,"7":1,"8":1,"9":1,"10":1},"f":{"0":1},"b":{},"_coverageSchema":"1a1c01bbd47fc00a2c39e90264f33305004495a9","hash":"811aae2a4d2d7745e51c4a304873601811ce8693"}
,"C:\\Users\\USER\\Desktop\\CHAT-API\\src\\routes\\error.routes.js": {"path":"C:\\Users\\USER\\Desktop\\CHAT-API\\src\\routes\\error.routes.js","statementMap":{"0":{"start":{"line":6,"column":4},"end":{"line":6,"column":47}},"1":{"start":{"line":8,"column":20},"end":{"line":13,"column":1}},"2":{"start":{"line":9,"column":2},"end":{"line":9,"column":23}},"3":{"start":{"line":10,"column":2},"end":{"line":10,"column":27}},"4":{"start":{"line":11,"column":2},"end":{"line":11,"column":24}},"5":{"start":{"line":12,"column":2},"end":{"line":12,"column":32}},"6":{"start":{"line":15,"column":0},"end":{"line":15,"column":29}}},"fnMap":{"0":{"name":"(anonymous_0)","decl":{"start":{"line":8,"column":20},"end":{"line":8,"column":21}},"loc":{"start":{"line":8,"column":29},"end":{"line":13,"column":1}},"line":8}},"branchMap":{},"s":{"0":1,"1":1,"2":1,"3":1,"4":1,"5":1,"6":1},"f":{"0":1},"b":{},"_coverageSchema":"1a1c01bbd47fc00a2c39e90264f33305004495a9","hash":"e46209c9f5166a5aef7948852c30e45847f1c520"}
}
