TN:
SF:src\app.js
FN:17,(anonymous_0)
FNF:1
FNH:0
FNDA:0,(anonymous_0)
DA:2,1
DA:3,1
DA:4,1
DA:5,1
DA:6,1
DA:7,1
DA:9,1
DA:11,1
DA:12,1
DA:13,1
DA:15,1
DA:17,1
DA:18,0
DA:21,1
DA:22,1
DA:26,1
LF:16
LH:15
BRF:0
BRH:0
end_of_record
TN:
SF:src\server.js
FN:7,(anonymous_0)
FNF:1
FNH:1
FNDA:1,(anonymous_0)
DA:1,1
DA:3,1
DA:5,1
DA:7,1
DA:8,1
DA:11,1
LF:6
LH:6
BRDA:5,0,0,1
BRDA:5,0,1,1
BRF:2
BRH:2
end_of_record
TN:
SF:src\sum.js
FN:3,sum
FNF:1
FNH:1
FNDA:3,sum
DA:5,3
DA:6,1
DA:10,2
DA:11,1
DA:15,1
DA:18,1
LF:6
LH:6
BRDA:5,0,0,1
BRDA:5,0,1,2
BRDA:5,1,0,3
BRDA:5,1,1,2
BRDA:10,2,0,1
BRDA:10,2,1,1
BRDA:10,3,0,2
BRDA:10,3,1,1
BRF:8
BRH:8
end_of_record
TN:
SF:src\config\config.js
FNF:0
FNH:0
DA:1,1
DA:3,1
LF:2
LH:2
BRF:0
BRH:0
end_of_record
TN:
SF:src\helpers\getImages.js
FN:4,getImages
FN:12,(anonymous_1)
FN:13,(anonymous_2)
FNF:3
FNH:3
FNDA:2,getImages
FNDA:14,(anonymous_1)
FNDA:14,(anonymous_2)
DA:1,1
DA:2,1
DA:6,2
DA:9,2
DA:11,2
DA:12,14
DA:13,14
DA:20,1
LF:8
LH:8
BRF:0
BRH:0
end_of_record
TN:
SF:src\helpers\mailer.js
FNF:0
FNH:0
DA:1,1
DA:2,1
DA:4,1
DA:14,1
LF:4
LH:4
BRF:0
BRH:0
end_of_record
TN:
SF:src\helpers\sendMail.js
FN:8,(anonymous_0)
FN:18,(anonymous_1)
FN:27,(anonymous_2)
FNF:3
FNH:3
FNDA:2,(anonymous_0)
FNDA:2,(anonymous_1)
FNDA:2,(anonymous_2)
DA:1,1
DA:2,1
DA:3,1
DA:4,1
DA:5,1
DA:6,1
DA:8,1
DA:9,2
DA:18,1
DA:19,2
DA:23,2
DA:24,2
DA:27,1
DA:29,2
DA:34,2
DA:42,2
DA:85,2
DA:88,1
LF:18
LH:18
BRF:0
BRH:0
end_of_record
TN:
SF:src\helpers\signToken.js
FN:3,(anonymous_0)
FN:6,(anonymous_1)
FN:9,(anonymous_2)
FNF:3
FNH:2
FNDA:1,(anonymous_0)
FNDA:1,(anonymous_1)
FNDA:0,(anonymous_2)
DA:1,1
DA:2,1
DA:3,1
DA:4,1
DA:6,1
DA:7,1
DA:9,1
DA:10,0
DA:12,1
LF:9
LH:8
BRF:0
BRH:0
end_of_record
TN:
SF:src\middlewares\auth.middleware.js
FN:4,(anonymous_0)
FNF:1
FNH:0
FNDA:0,(anonymous_0)
DA:1,1
DA:2,1
DA:4,1
DA:5,0
DA:6,0
DA:8,0
DA:9,0
DA:14,0
DA:17,0
DA:20,0
DA:21,0
DA:23,0
DA:27,1
LF:13
LH:4
BRDA:8,0,0,0
BRDA:8,0,1,0
BRF:2
BRH:0
end_of_record
TN:
SF:src\middlewares\errors.middleware.js
FN:13,(anonymous_0)
FN:25,(anonymous_1)
FN:38,(anonymous_2)
FN:67,(anonymous_3)
FN:81,(anonymous_4)
FN:86,(anonymous_5)
FNF:6
FNH:4
FNDA:2,(anonymous_0)
FNDA:2,(anonymous_1)
FNDA:2,(anonymous_2)
FNDA:0,(anonymous_3)
FNDA:2,(anonymous_4)
FNDA:0,(anonymous_5)
DA:2,1
DA:3,1
DA:8,1
DA:9,1
DA:13,1
DA:14,2
DA:15,2
DA:16,2
DA:17,2
DA:18,2
DA:25,1
DA:26,2
DA:27,2
DA:28,2
DA:29,2
DA:30,2
DA:34,2
DA:35,2
DA:38,1
DA:41,2
DA:42,0
DA:48,2
DA:49,0
DA:56,2
DA:57,0
DA:64,2
DA:67,1
DA:68,0
DA:70,0
DA:71,0
DA:76,0
DA:81,1
DA:82,2
DA:83,2
DA:86,1
DA:87,0
DA:93,1
LF:37
LH:29
BRDA:16,0,0,2
BRDA:16,0,1,0
BRDA:41,1,0,0
BRDA:41,1,1,2
BRDA:48,2,0,0
BRDA:48,2,1,2
BRDA:56,3,0,0
BRDA:56,3,1,2
BRDA:70,4,0,0
BRDA:70,4,1,0
BRDA:83,5,0,2
BRDA:83,5,1,0
BRF:12
BRH:5
end_of_record
TN:
SF:src\middlewares\imageUpload.middleware.js
FN:8,(anonymous_0)
FN:16,(anonymous_1)
FNF:2
FNH:0
FNDA:0,(anonymous_0)
FNDA:0,(anonymous_1)
DA:1,1
DA:2,1
DA:5,1
DA:9,0
DA:10,0
DA:17,0
DA:18,0
DA:24,0
DA:29,1
LF:9
LH:4
BRDA:17,0,0,0
BRDA:17,0,1,0
BRF:2
BRH:0
end_of_record
TN:
SF:src\middlewares\validator.middleware.js
FN:3,(anonymous_0)
FN:11,(anonymous_1)
FNF:2
FNH:2
FNDA:4,(anonymous_0)
FNDA:8,(anonymous_1)
DA:1,1
DA:3,1
DA:4,4
DA:5,4
DA:6,2
DA:8,2
DA:11,8
DA:16,1
LF:8
LH:8
BRF:0
BRH:0
end_of_record
TN:
SF:src\models\conversation.js
FN:5,(anonymous_0)
FN:12,(anonymous_1)
FNF:2
FNH:2
FNDA:1,(anonymous_0)
FNDA:1,(anonymous_1)
DA:4,1
DA:5,1
DA:14,1
DA:15,1
DA:16,1
DA:17,1
DA:20,1
DA:31,1
LF:8
LH:8
BRF:0
BRH:0
end_of_record
TN:
SF:src\models\index.js
FN:21,(anonymous_0)
FN:29,(anonymous_1)
FN:34,(anonymous_2)
FNF:3
FNH:3
FNDA:5,(anonymous_0)
FNDA:4,(anonymous_1)
FNDA:4,(anonymous_2)
DA:3,1
DA:4,1
DA:5,1
DA:6,1
DA:7,1
DA:8,1
DA:9,1
DA:10,1
DA:13,1
DA:14,0
DA:16,1
DA:19,1
DA:22,5
DA:30,4
DA:31,4
DA:34,1
DA:35,4
DA:36,4
DA:40,1
DA:41,1
DA:43,1
LF:21
LH:20
BRDA:8,0,0,1
BRDA:8,0,1,0
BRDA:13,1,0,0
BRDA:13,1,1,1
BRDA:23,2,0,5
BRDA:23,2,1,5
BRDA:23,2,2,4
BRDA:23,2,3,4
BRDA:35,3,0,4
BRDA:35,3,1,0
BRF:10
BRH:7
end_of_record
TN:
SF:src\models\message.js
FN:5,(anonymous_0)
FN:12,(anonymous_1)
FNF:2
FNH:2
FNDA:1,(anonymous_0)
FNDA:1,(anonymous_1)
DA:4,1
DA:5,1
DA:14,1
DA:15,1
DA:18,1
DA:28,1
LF:6
LH:6
BRF:0
BRH:0
end_of_record
TN:
SF:src\models\participant.js
FN:3,(anonymous_0)
FN:10,(anonymous_1)
FNF:2
FNH:2
FNDA:1,(anonymous_0)
FNDA:1,(anonymous_1)
DA:2,1
DA:3,1
DA:12,1
DA:13,1
DA:18,1
DA:29,1
LF:6
LH:6
BRF:0
BRH:0
end_of_record
TN:
SF:src\models\user.js
FN:7,(anonymous_0)
FN:14,(anonymous_1)
FN:37,(anonymous_2)
FN:41,(anonymous_3)
FNF:4
FNH:4
FNDA:1,(anonymous_0)
FNDA:1,(anonymous_1)
FNDA:2,(anonymous_2)
FNDA:2,(anonymous_3)
DA:3,1
DA:4,1
DA:5,1
DA:7,1
DA:17,1
DA:18,1
DA:19,1
DA:20,1
DA:23,1
DA:38,2
DA:39,2
DA:42,2
DA:43,2
DA:48,1
LF:14
LH:14
BRF:0
BRH:0
end_of_record
TN:
SF:src\modules\conversations\conversations.controllers.js
FN:3,(anonymous_0)
FN:24,(anonymous_1)
FN:37,(anonymous_2)
FN:50,(anonymous_3)
FNF:4
FNH:0
FNDA:0,(anonymous_0)
FNDA:0,(anonymous_1)
FNDA:0,(anonymous_2)
FNDA:0,(anonymous_3)
DA:1,1
DA:3,1
DA:4,0
DA:5,0
DA:7,0
DA:9,0
DA:10,0
DA:11,0
DA:12,0
DA:13,0
DA:14,0
DA:16,0
DA:24,1
DA:25,0
DA:27,0
DA:28,0
DA:36,0
DA:37,0
DA:43,0
DA:44,0
DA:46,0
DA:50,1
DA:51,0
DA:52,0
DA:54,0
DA:70,0
DA:72,0
DA:76,1
LF:28
LH:5
BRF:0
BRH:0
end_of_record
TN:
SF:src\modules\conversations\conversations.routes.js
FNF:0
FNH:0
DA:1,1
DA:6,1
DA:7,1
DA:8,1
DA:9,1
DA:17,1
DA:18,1
DA:25,1
DA:27,1
LF:9
LH:9
BRF:0
BRH:0
end_of_record
TN:
SF:src\modules\conversations\conversations.validators.js
FNF:0
FNH:0
DA:1,1
DA:2,1
DA:4,1
DA:22,1
DA:47,1
LF:5
LH:5
BRF:0
BRH:0
end_of_record
TN:
SF:src\modules\messages\messages.controllers.js
FN:4,(anonymous_0)
FN:22,(anonymous_1)
FNF:2
FNH:0
FNDA:0,(anonymous_0)
FNDA:0,(anonymous_1)
DA:2,1
DA:4,1
DA:5,0
DA:6,0
DA:8,0
DA:10,0
DA:16,0
DA:18,0
DA:22,1
DA:23,0
DA:24,0
DA:26,0
DA:33,0
DA:37,0
DA:41,1
LF:15
LH:4
BRF:0
BRH:0
end_of_record
TN:
SF:src\modules\messages\messages.routes.js
FNF:0
FNH:0
DA:1,1
DA:5,1
DA:6,1
DA:7,1
DA:9,1
DA:12,1
DA:17,1
LF:7
LH:7
BRF:0
BRH:0
end_of_record
TN:
SF:src\modules\messages\messages.validators.js
FNF:0
FNH:0
DA:1,1
DA:2,1
DA:4,1
DA:24,1
LF:4
LH:4
BRF:0
BRH:0
end_of_record
TN:
SF:src\modules\user\user.controllers.js
FN:6,(anonymous_0)
FN:19,(anonymous_1)
FN:34,(anonymous_2)
FN:80,(anonymous_3)
FN:109,(anonymous_4)
FNF:5
FNH:1
FNDA:0,(anonymous_0)
FNDA:2,(anonymous_1)
FNDA:0,(anonymous_2)
FNDA:0,(anonymous_3)
FNDA:0,(anonymous_4)
DA:1,1
DA:2,1
DA:3,1
DA:4,1
DA:6,1
DA:7,0
DA:8,0
DA:13,0
DA:15,0
DA:19,1
DA:20,2
DA:21,2
DA:25,2
DA:26,2
DA:29,0
DA:30,0
DA:34,1
DA:35,0
DA:36,0
DA:37,0
DA:39,0
DA:40,0
DA:47,0
DA:48,0
DA:49,0
DA:56,0
DA:57,0
DA:65,0
DA:66,0
DA:67,0
DA:72,0
DA:73,0
DA:76,0
DA:80,1
DA:81,0
DA:82,0
DA:83,0
DA:84,0
DA:89,0
DA:92,0
DA:93,0
DA:94,0
DA:99,0
DA:100,0
DA:101,0
DA:105,0
DA:109,1
DA:110,0
DA:111,0
DA:112,0
DA:116,0
DA:117,0
DA:118,0
DA:120,0
DA:124,1
LF:55
LH:14
BRDA:39,0,0,0
BRDA:39,0,1,0
BRDA:48,1,0,0
BRDA:48,1,1,0
BRDA:56,2,0,0
BRDA:56,2,1,0
BRDA:83,3,0,0
BRDA:83,3,1,0
BRDA:93,4,0,0
BRDA:93,4,1,0
BRF:10
BRH:0
end_of_record
TN:
SF:src\modules\user\user.routes.js
FNF:0
FNH:0
DA:1,1
DA:8,1
DA:9,1
DA:10,1
DA:11,1
DA:12,1
DA:14,1
DA:19,1
DA:21,1
DA:23,1
DA:25,1
LF:11
LH:11
BRF:0
BRH:0
end_of_record
TN:
SF:src\modules\user\user.validator.js
FNF:0
FNH:0
DA:1,1
DA:2,1
DA:4,1
DA:52,1
DA:71,1
LF:5
LH:5
BRF:0
BRH:0
end_of_record
TN:
SF:src\routes\apiv1.routes.js
FN:7,(anonymous_0)
FNF:1
FNH:1
FNDA:1,(anonymous_0)
DA:1,1
DA:2,1
DA:3,1
DA:4,1
DA:5,1
DA:7,1
DA:8,1
DA:9,1
DA:10,1
DA:11,1
DA:14,1
LF:11
LH:11
BRF:0
BRH:0
end_of_record
TN:
SF:src\routes\error.routes.js
FN:8,(anonymous_0)
FNF:1
FNH:1
FNDA:1,(anonymous_0)
DA:6,1
DA:8,1
DA:9,1
DA:10,1
DA:11,1
DA:12,1
DA:15,1
LF:7
LH:7
BRF:0
BRH:0
end_of_record
